# JRE version: OpenJDK Runtime Environment (11.0.11+9) (build 11.0.11+9-b60-7590822)
# Java VM: OpenJDK 64-Bit Server VM (11.0.11+9-b60-7590822, mixed mode, tiered, compressed oops, g1 gc, windows-amd64)
Heap:
 garbage-first heap   total 157696K, used 20301K [0x0000000080000000, 0x0000000100000000)
  region size 1024K, 5 young (5120K), 5 survivors (5120K)
 Metaspace       used 29853K, capacity 30585K, committed 30720K, reserved 1081344K
  class space    used 4009K, capacity 4274K, committed 4352K, reserved 1048576K
GC Heap History (11 events):
Event: 1.014 GC heap before
{Heap before GC invocations=0 (full 0):
 garbage-first heap   total 131072K, used 27648K [0x0000000080000000, 0x0000000100000000)
  region size 1024K, 22 young (22528K), 0 survivors (0K)
 Metaspace       used 10003K, capacity 10272K, committed 10368K, reserved 1058816K
  class space    used 1036K, capacity 1105K, committed 1152K, reserved 1048576K
}
Event: 1.020 GC heap after
{Heap after GC invocations=1 (full 0):
 garbage-first heap   total 131072K, used 9459K [0x0000000080000000, 0x0000000100000000)
  region size 1024K, 3 young (3072K), 3 survivors (3072K)
 Metaspace       used 10003K, capacity 10272K, committed 10368K, reserved 1058816K
  class space    used 1036K, capacity 1105K, committed 1152K, reserved 1048576K
}
Event: 1.339 GC heap before
{Heap before GC invocations=1 (full 0):
 garbage-first heap   total 131072K, used 27891K [0x0000000080000000, 0x0000000100000000)
  region size 1024K, 21 young (21504K), 3 survivors (3072K)
 Metaspace       used 11175K, capacity 11456K, committed 11520K, reserved 1058816K
  class space    used 1174K, capacity 1244K, committed 1280K, reserved 1048576K
}
Event: 1.343 GC heap after
{Heap after GC invocations=2 (full 0):
 garbage-first heap   total 131072K, used 9937K [0x0000000080000000, 0x0000000100000000)
  region size 1024K, 1 young (1024K), 1 survivors (1024K)
 Metaspace       used 11175K, capacity 11456K, committed 11520K, reserved 1058816K
  class space    used 1174K, capacity 1244K, committed 1280K, reserved 1048576K
}
Event: 2.073 GC heap before
{Heap before GC invocations=2 (full 0):
 garbage-first heap   total 131072K, used 58065K [0x0000000080000000, 0x0000000100000000)
  region size 1024K, 47 young (48128K), 1 survivors (1024K)
 Metaspace       used 16546K, capacity 16954K, committed 17152K, reserved 1064960K
  class space    used 1915K, capacity 2036K, committed 2048K, reserved 1048576K
}
Event: 2.081 GC heap after
{Heap after GC invocations=3 (full 0):
 garbage-first heap   total 131072K, used 15710K [0x0000000080000000, 0x0000000100000000)
  region size 1024K, 6 young (6144K), 6 survivors (6144K)
 Metaspace       used 16546K, capacity 16954K, committed 17152K, reserved 1064960K
  class space    used 1915K, capacity 2036K, committed 2048K, reserved 1048576K
}
Event: 2.484 GC heap before
{Heap before GC invocations=3 (full 0):
 garbage-first heap   total 131072K, used 50526K [0x0000000080000000, 0x0000000100000000)
  region size 1024K, 41 young (41984K), 6 survivors (6144K)
 Metaspace       used 20670K, capacity 21093K, committed 21248K, reserved 1067008K
  class space    used 2543K, capacity 2695K, committed 2816K, reserved 1048576K
}
Event: 2.495 GC heap after
{Heap after GC invocations=4 (full 0):
 garbage-first heap   total 131072K, used 17263K [0x0000000080000000, 0x0000000100000000)
  region size 1024K, 2 young (2048K), 2 survivors (2048K)
 Metaspace       used 20670K, capacity 21093K, committed 21248K, reserved 1067008K
  class space    used 2543K, capacity 2695K, committed 2816K, reserved 1048576K
}
Event: 3.069 GC heap before
{Heap before GC invocations=5 (full 0):
 garbage-first heap   total 131072K, used 68463K [0x0000000080000000, 0x0000000100000000)
  region size 1024K, 52 young (53248K), 2 survivors (2048K)
 Metaspace       used 26022K, capacity 26648K, committed 26752K, reserved 1073152K
  class space    used 3405K, capacity 3617K, committed 3712K, reserved 1048576K
}
Event: 3.074 GC heap after
{Heap after GC invocations=6 (full 0):
 garbage-first heap   total 131072K, used 19048K [0x0000000080000000, 0x0000000100000000)
  region size 1024K, 4 young (4096K), 4 survivors (4096K)
 Metaspace       used 26022K, capacity 26648K, committed 26752K, reserved 1073152K
  class space    used 3405K, capacity 3617K, committed 3712K, reserved 1048576K
}
Event: 3.532 GC heap before
{Heap before GC invocations=6 (full 0):
 garbage-first heap   total 131072K, used 60008K [0x0000000080000000, 0x0000000100000000)
  region size 1024K, 45 young (46080K), 4 survivors (4096K)
 Metaspace       used 29853K, capacity 30585K, committed 30720K, reserved 1081344K
  class space    used 4009K, capacity 4274K, committed 4352K, reserved 1048576K
}

