# JRE version: OpenJDK Runtime Environment (11.0.11+9) (build 11.0.11+9-b60-7590822)
# Java VM: OpenJDK 64-Bit Server VM (11.0.11+9-b60-7590822, mixed mode, tiered, compressed oops, g1 gc, windows-amd64)
Heap:
 garbage-first heap   total 273408K, used 148053K [0x0000000080000000, 0x0000000100000000)
  region size 1024K, 12 young (12288K), 8 survivors (8192K)
 Metaspace       used 112243K, capacity 114980K, committed 115316K, reserved 1148928K
  class space    used 13940K, capacity 15008K, committed 15104K, reserved 1048576K
GC Heap History (20 events):
Event: 173.350 GC heap after
{Heap after GC invocations=96 (full 0):
 garbage-first heap   total 273408K, used 130255K [0x0000000080000000, 0x0000000100000000)
  region size 1024K, 8 young (8192K), 8 survivors (8192K)
 Metaspace       used 103402K, capacity 105786K, committed 106100K, reserved 1142784K
  class space    used 12861K, capacity 13682K, committed 13824K, reserved 1048576K
}
Event: 174.912 GC heap before
{Heap before GC invocations=96 (full 0):
 garbage-first heap   total 273408K, used 147663K [0x0000000080000000, 0x0000000100000000)
  region size 1024K, 27 young (27648K), 8 survivors (8192K)
 Metaspace       used 104150K, capacity 106611K, committed 106740K, reserved 1142784K
  class space    used 12986K, capacity 13847K, committed 13952K, reserved 1048576K
}
Event: 174.921 GC heap after
{Heap after GC invocations=97 (full 0):
 garbage-first heap   total 273408K, used 131585K [0x0000000080000000, 0x0000000100000000)
  region size 1024K, 8 young (8192K), 8 survivors (8192K)
 Metaspace       used 104150K, capacity 106611K, committed 106740K, reserved 1142784K
  class space    used 12986K, capacity 13847K, committed 13952K, reserved 1048576K
}
Event: 179.454 GC heap before
{Heap before GC invocations=98 (full 0):
 garbage-first heap   total 273408K, used 223745K [0x0000000080000000, 0x0000000100000000)
  region size 1024K, 98 young (100352K), 8 survivors (8192K)
 Metaspace       used 105135K, capacity 107639K, committed 107892K, reserved 1142784K
  class space    used 13074K, capacity 13985K, committed 14080K, reserved 1048576K
}
Event: 179.465 GC heap after
{Heap after GC invocations=99 (full 0):
 garbage-first heap   total 273408K, used 134333K [0x0000000080000000, 0x0000000100000000)
  region size 1024K, 8 young (8192K), 8 survivors (8192K)
 Metaspace       used 105135K, capacity 107639K, committed 107892K, reserved 1142784K
  class space    used 13074K, capacity 13985K, committed 14080K, reserved 1048576K
}
Event: 182.445 GC heap before
{Heap before GC invocations=99 (full 0):
 garbage-first heap   total 273408K, used 208061K [0x0000000080000000, 0x0000000100000000)
  region size 1024K, 82 young (83968K), 8 survivors (8192K)
 Metaspace       used 105519K, capacity 108047K, committed 108148K, reserved 1142784K
  class space    used 13099K, capacity 14027K, committed 14080K, reserved 1048576K
}
Event: 182.471 GC heap after
{Heap after GC invocations=100 (full 0):
 garbage-first heap   total 273408K, used 135818K [0x0000000080000000, 0x0000000100000000)
  region size 1024K, 6 young (6144K), 6 survivors (6144K)
 Metaspace       used 105519K, capacity 108047K, committed 108148K, reserved 1142784K
  class space    used 13099K, capacity 14027K, committed 14080K, reserved 1048576K
}
Event: 183.149 GC heap before
{Heap before GC invocations=101 (full 0):
 garbage-first heap   total 273408K, used 234122K [0x0000000080000000, 0x0000000100000000)
  region size 1024K, 96 young (98304K), 6 survivors (6144K)
 Metaspace       used 105589K, capacity 108117K, committed 108404K, reserved 1144832K
  class space    used 13099K, capacity 14027K, committed 14080K, reserved 1048576K
}
Event: 183.158 GC heap after
{Heap after GC invocations=102 (full 0):
 garbage-first heap   total 273408K, used 139435K [0x0000000080000000, 0x0000000100000000)
  region size 1024K, 9 young (9216K), 9 survivors (9216K)
 Metaspace       used 105589K, capacity 108117K, committed 108404K, reserved 1144832K
  class space    used 13099K, capacity 14027K, committed 14080K, reserved 1048576K
}
Event: 183.854 GC heap before
{Heap before GC invocations=102 (full 0):
 garbage-first heap   total 273408K, used 228523K [0x0000000080000000, 0x0000000100000000)
  region size 1024K, 97 young (99328K), 9 survivors (9216K)
 Metaspace       used 105647K, capacity 108246K, committed 108404K, reserved 1144832K
  class space    used 13099K, capacity 14027K, committed 14080K, reserved 1048576K
}
Event: 183.865 GC heap after
{Heap after GC invocations=103 (full 0):
 garbage-first heap   total 273408K, used 141530K [0x0000000080000000, 0x0000000100000000)
  region size 1024K, 7 young (7168K), 7 survivors (7168K)
 Metaspace       used 105647K, capacity 108246K, committed 108404K, reserved 1144832K
  class space    used 13099K, capacity 14027K, committed 14080K, reserved 1048576K
}
Event: 184.234 GC heap before
{Heap before GC invocations=104 (full 0):
 garbage-first heap   total 273408K, used 207066K [0x0000000080000000, 0x0000000100000000)
  region size 1024K, 73 young (74752K), 7 survivors (7168K)
 Metaspace       used 105678K, capacity 108246K, committed 108404K, reserved 1144832K
  class space    used 13102K, capacity 14027K, committed 14080K, reserved 1048576K
}
Event: 184.246 GC heap after
{Heap after GC invocations=105 (full 0):
 garbage-first heap   total 273408K, used 143570K [0x0000000080000000, 0x0000000100000000)
  region size 1024K, 9 young (9216K), 9 survivors (9216K)
 Metaspace       used 105678K, capacity 108246K, committed 108404K, reserved 1144832K
  class space    used 13102K, capacity 14027K, committed 14080K, reserved 1048576K
}
Event: 184.937 GC heap before
{Heap before GC invocations=106 (full 0):
 garbage-first heap   total 273408K, used 228562K [0x0000000080000000, 0x0000000100000000)
  region size 1024K, 92 young (94208K), 9 survivors (9216K)
 Metaspace       used 106042K, capacity 108635K, committed 108916K, reserved 1144832K
  class space    used 13137K, capacity 14050K, committed 14080K, reserved 1048576K
}
Event: 184.945 GC heap after
{Heap after GC invocations=107 (full 0):
 garbage-first heap   total 273408K, used 140492K [0x0000000080000000, 0x0000000100000000)
  region size 1024K, 5 young (5120K), 5 survivors (5120K)
 Metaspace       used 106042K, capacity 108635K, committed 108916K, reserved 1144832K
  class space    used 13137K, capacity 14050K, committed 14080K, reserved 1048576K
}
Event: 189.125 GC heap before
{Heap before GC invocations=107 (full 0):
 garbage-first heap   total 273408K, used 227532K [0x0000000080000000, 0x0000000100000000)
  region size 1024K, 91 young (93184K), 5 survivors (5120K)
 Metaspace       used 107396K, capacity 109921K, committed 110068K, reserved 1144832K
  class space    used 13293K, capacity 14168K, committed 14208K, reserved 1048576K
}
Event: 189.130 GC heap after
{Heap after GC invocations=108 (full 0):
 garbage-first heap   total 273408K, used 142957K [0x0000000080000000, 0x0000000100000000)
  region size 1024K, 7 young (7168K), 7 survivors (7168K)
 Metaspace       used 107396K, capacity 109921K, committed 110068K, reserved 1144832K
  class space    used 13293K, capacity 14168K, committed 14208K, reserved 1048576K
}
Event: 192.764 GC heap before
{Heap before GC invocations=109 (full 0):
 garbage-first heap   total 273408K, used 229997K [0x0000000080000000, 0x0000000100000000)
  region size 1024K, 93 young (95232K), 7 survivors (7168K)
 Metaspace       used 107702K, capacity 110278K, committed 110452K, reserved 1144832K
  class space    used 13318K, capacity 14240K, committed 14336K, reserved 1048576K
}
Event: 192.770 GC heap after
{Heap after GC invocations=110 (full 0):
 garbage-first heap   total 273408K, used 143400K [0x0000000080000000, 0x0000000100000000)
  region size 1024K, 7 young (7168K), 7 survivors (7168K)
 Metaspace       used 107702K, capacity 110278K, committed 110452K, reserved 1144832K
  class space    used 13318K, capacity 14240K, committed 14336K, reserved 1048576K
}
Event: 193.591 GC heap before
{Heap before GC invocations=110 (full 0):
 garbage-first heap   total 273408K, used 231464K [0x0000000080000000, 0x0000000100000000)
  region size 1024K, 95 young (97280K), 7 survivors (7168K)
 Metaspace       used 112218K, capacity 114980K, committed 115316K, reserved 1148928K
  class space    used 13940K, capacity 15008K, committed 15104K, reserved 1048576K
}

