# JRE version: OpenJDK Runtime Environment (11.0.11+9) (build 11.0.11+9-b60-7590822)
# Java VM: OpenJDK 64-Bit Server VM (11.0.11+9-b60-7590822, mixed mode, tiered, compressed oops, g1 gc, windows-amd64)
Heap:
 garbage-first heap   total 189440K, used 123016K [0x0000000080000000, 0x0000000100000000)
  region size 1024K, 59 young (60416K), 10 survivors (10240K)
 Metaspace       used 61988K, capacity 63705K, committed 63892K, reserved 1105920K
  class space    used 7879K, capacity 8471K, committed 8524K, reserved 1048576K
GC Heap History (20 events):
Event: 0.953 GC heap before
{Heap before GC invocations=1 (full 0):
 garbage-first heap   total 131072K, used 28788K [0x0000000080000000, 0x0000000100000000)
  region size 1024K, 22 young (22528K), 3 survivors (3072K)
 Metaspace       used 11186K, capacity 11456K, committed 11520K, reserved 1058816K
  class space    used 1174K, capacity 1244K, committed 1280K, reserved 1048576K
}
Event: 0.957 GC heap after
{Heap after GC invocations=2 (full 0):
 garbage-first heap   total 131072K, used 10101K [0x0000000080000000, 0x0000000100000000)
  region size 1024K, 1 young (1024K), 1 survivors (1024K)
 Metaspace       used 11186K, capacity 11456K, committed 11520K, reserved 1058816K
  class space    used 1174K, capacity 1244K, committed 1280K, reserved 1048576K
}
Event: 1.594 GC heap before
{Heap before GC invocations=2 (full 0):
 garbage-first heap   total 131072K, used 57205K [0x0000000080000000, 0x0000000100000000)
  region size 1024K, 47 young (48128K), 1 survivors (1024K)
 Metaspace       used 16546K, capacity 16954K, committed 17152K, reserved 1064960K
  class space    used 1916K, capacity 2036K, committed 2048K, reserved 1048576K
}
Event: 1.600 GC heap after
{Heap after GC invocations=3 (full 0):
 garbage-first heap   total 131072K, used 16027K [0x0000000080000000, 0x0000000100000000)
  region size 1024K, 6 young (6144K), 6 survivors (6144K)
 Metaspace       used 16546K, capacity 16954K, committed 17152K, reserved 1064960K
  class space    used 1916K, capacity 2036K, committed 2048K, reserved 1048576K
}
Event: 1.950 GC heap before
{Heap before GC invocations=3 (full 0):
 garbage-first heap   total 131072K, used 47771K [0x0000000080000000, 0x0000000100000000)
  region size 1024K, 38 young (38912K), 6 survivors (6144K)
 Metaspace       used 20662K, capacity 21194K, committed 21296K, reserved 1069056K
  class space    used 2532K, capacity 2676K, committed 2688K, reserved 1048576K
}
Event: 1.959 GC heap after
{Heap after GC invocations=4 (full 0):
 garbage-first heap   total 131072K, used 17582K [0x0000000080000000, 0x0000000100000000)
  region size 1024K, 2 young (2048K), 2 survivors (2048K)
 Metaspace       used 20662K, capacity 21194K, committed 21296K, reserved 1069056K
  class space    used 2532K, capacity 2676K, committed 2688K, reserved 1048576K
}
Event: 2.489 GC heap before
{Heap before GC invocations=5 (full 0):
 garbage-first heap   total 131072K, used 68782K [0x0000000080000000, 0x0000000100000000)
  region size 1024K, 52 young (53248K), 2 survivors (2048K)
 Metaspace       used 26040K, capacity 26682K, committed 26928K, reserved 1073152K
  class space    used 3391K, capacity 3597K, committed 3712K, reserved 1048576K
}
Event: 2.493 GC heap after
{Heap after GC invocations=6 (full 0):
 garbage-first heap   total 157696K, used 19446K [0x0000000080000000, 0x0000000100000000)
  region size 1024K, 4 young (4096K), 4 survivors (4096K)
 Metaspace       used 26040K, capacity 26682K, committed 26928K, reserved 1073152K
  class space    used 3391K, capacity 3597K, committed 3712K, reserved 1048576K
}
Event: 3.228 GC heap before
{Heap before GC invocations=6 (full 0):
 garbage-first heap   total 157696K, used 92150K [0x0000000080000000, 0x0000000100000000)
  region size 1024K, 67 young (68608K), 4 survivors (4096K)
 Metaspace       used 32854K, capacity 33842K, committed 33968K, reserved 1079296K
  class space    used 4434K, capacity 4794K, committed 4864K, reserved 1048576K
}
Event: 3.235 GC heap after
{Heap after GC invocations=7 (full 0):
 garbage-first heap   total 157696K, used 34050K [0x0000000080000000, 0x0000000100000000)
  region size 1024K, 9 young (9216K), 9 survivors (9216K)
 Metaspace       used 32854K, capacity 33842K, committed 33968K, reserved 1079296K
  class space    used 4434K, capacity 4794K, committed 4864K, reserved 1048576K
}
Event: 3.390 GC heap before
{Heap before GC invocations=7 (full 0):
 garbage-first heap   total 157696K, used 40194K [0x0000000080000000, 0x0000000100000000)
  region size 1024K, 16 young (16384K), 9 survivors (9216K)
 Metaspace       used 34645K, capacity 35558K, committed 35632K, reserved 1079296K
  class space    used 4552K, capacity 4919K, committed 4992K, reserved 1048576K
}
Event: 3.402 GC heap after
{Heap after GC invocations=8 (full 0):
 garbage-first heap   total 157696K, used 35539K [0x0000000080000000, 0x0000000100000000)
  region size 1024K, 2 young (2048K), 2 survivors (2048K)
 Metaspace       used 34645K, capacity 35558K, committed 35632K, reserved 1079296K
  class space    used 4552K, capacity 4919K, committed 4992K, reserved 1048576K
}
Event: 4.152 GC heap before
{Heap before GC invocations=9 (full 0):
 garbage-first heap   total 157696K, used 99027K [0x0000000080000000, 0x0000000100000000)
  region size 1024K, 62 young (63488K), 2 survivors (2048K)
 Metaspace       used 41502K, capacity 42571K, committed 42644K, reserved 1087488K
  class space    used 5313K, capacity 5695K, committed 5708K, reserved 1048576K
}
Event: 4.162 GC heap after
{Heap after GC invocations=10 (full 0):
 garbage-first heap   total 157696K, used 40428K [0x0000000080000000, 0x0000000100000000)
  region size 1024K, 7 young (7168K), 7 survivors (7168K)
 Metaspace       used 41502K, capacity 42571K, committed 42644K, reserved 1087488K
  class space    used 5313K, capacity 5695K, committed 5708K, reserved 1048576K
}
Event: 4.787 GC heap before
{Heap before GC invocations=11 (full 0):
 garbage-first heap   total 157696K, used 105964K [0x0000000080000000, 0x0000000100000000)
  region size 1024K, 68 young (69632K), 7 survivors (7168K)
 Metaspace       used 45386K, capacity 46606K, committed 46740K, reserved 1089536K
  class space    used 5726K, capacity 6176K, committed 6220K, reserved 1048576K
}
Event: 4.799 GC heap after
{Heap after GC invocations=12 (full 0):
 garbage-first heap   total 157696K, used 47999K [0x0000000080000000, 0x0000000100000000)
  region size 1024K, 6 young (6144K), 6 survivors (6144K)
 Metaspace       used 45386K, capacity 46606K, committed 46740K, reserved 1089536K
  class space    used 5726K, capacity 6176K, committed 6220K, reserved 1048576K
}
Event: 5.422 GC heap before
{Heap before GC invocations=12 (full 0):
 garbage-first heap   total 157696K, used 114559K [0x0000000080000000, 0x0000000100000000)
  region size 1024K, 67 young (68608K), 6 survivors (6144K)
 Metaspace       used 49447K, capacity 50840K, committed 50964K, reserved 1093632K
  class space    used 6353K, capacity 6799K, committed 6860K, reserved 1048576K
}
Event: 5.431 GC heap after
{Heap after GC invocations=13 (full 0):
 garbage-first heap   total 189440K, used 56088K [0x0000000080000000, 0x0000000100000000)
  region size 1024K, 4 young (4096K), 4 survivors (4096K)
 Metaspace       used 49447K, capacity 50840K, committed 50964K, reserved 1093632K
  class space    used 6353K, capacity 6799K, committed 6860K, reserved 1048576K
}
Event: 6.277 GC heap before
{Heap before GC invocations=13 (full 0):
 garbage-first heap   total 189440K, used 143128K [0x0000000080000000, 0x0000000100000000)
  region size 1024K, 80 young (81920K), 4 survivors (4096K)
 Metaspace       used 54447K, capacity 56085K, committed 56212K, reserved 1097728K
  class space    used 6943K, capacity 7470K, committed 7500K, reserved 1048576K
}
Event: 6.285 GC heap after
{Heap after GC invocations=14 (full 0):
 garbage-first heap   total 189440K, used 73864K [0x0000000080000000, 0x0000000100000000)
  region size 1024K, 10 young (10240K), 10 survivors (10240K)
 Metaspace       used 54447K, capacity 56085K, committed 56212K, reserved 1097728K
  class space    used 6943K, capacity 7470K, committed 7500K, reserved 1048576K
}

