# JRE version: Java(TM) SE Runtime Environment (17.0.2+8) (build 17.0.2+8-LTS-86)
# Java VM: Java HotSpot(TM) 64-Bit Server VM (17.0.2+8-LTS-86, mixed mode, sharing, tiered, compressed oops, compressed class ptrs, g1 gc, windows-amd64)
GC Precious Log:
 CPUs: 6 total, 6 available
 Memory: 8088M
 Large Page Support: Disabled
 NUMA Support: Disabled
 Compressed Oops: Enabled (32-bit)
 Heap Region Size: 1M
 Heap Min Capacity: 8M
 Heap Initial Capacity: 128M
 Heap Max Capacity: 2G
 Pre-touch: Disabled
 Parallel Workers: 6
 Concurrent Workers: 2
 Concurrent Refinement Workers: 6
 Periodic GC: Disabled
Heap:
 garbage-first heap   total 162816K, used 112179K [0x0000000080000000, 0x0000000100000000)
  region size 1024K, 7 young (7168K), 3 survivors (3072K)
 Metaspace       used 72738K, committed 73344K, reserved 1114112K
  class space    used 9902K, committed 10176K, reserved 1048576K
GC Heap History (20 events):
Event: 7.822 GC heap before
{Heap before GC invocations=12 (full 0):
 garbage-first heap   total 135168K, used 110061K [0x0000000080000000, 0x0000000100000000)
  region size 1024K, 60 young (61440K), 8 survivors (8192K)
 Metaspace       used 45970K, committed 46528K, reserved 1089536K
  class space    used 6282K, committed 6528K, reserved 1048576K
}
Event: 7.832 GC heap after
{Heap after GC invocations=13 (full 0):
 garbage-first heap   total 135168K, used 60728K [0x0000000080000000, 0x0000000100000000)
  region size 1024K, 8 young (8192K), 8 survivors (8192K)
 Metaspace       used 45970K, committed 46528K, reserved 1089536K
  class space    used 6282K, committed 6528K, reserved 1048576K
}
Event: 8.123 GC heap before
{Heap before GC invocations=13 (full 0):
 garbage-first heap   total 135168K, used 92472K [0x0000000080000000, 0x0000000100000000)
  region size 1024K, 34 young (34816K), 8 survivors (8192K)
 Metaspace       used 46395K, committed 46912K, reserved 1089536K
  class space    used 6315K, committed 6528K, reserved 1048576K
}
Event: 8.133 GC heap after
{Heap after GC invocations=14 (full 0):
 garbage-first heap   total 135168K, used 73684K [0x0000000080000000, 0x0000000100000000)
  region size 1024K, 6 young (6144K), 6 survivors (6144K)
 Metaspace       used 46395K, committed 46912K, reserved 1089536K
  class space    used 6315K, committed 6528K, reserved 1048576K
}
Event: 8.723 GC heap before
{Heap before GC invocations=15 (full 0):
 garbage-first heap   total 135168K, used 109524K [0x0000000080000000, 0x0000000100000000)
  region size 1024K, 39 young (39936K), 6 survivors (6144K)
 Metaspace       used 51057K, committed 51648K, reserved 1097728K
  class space    used 6932K, committed 7232K, reserved 1048576K
}
Event: 8.730 GC heap after
{Heap after GC invocations=16 (full 0):
 garbage-first heap   total 135168K, used 78374K [0x0000000080000000, 0x0000000100000000)
  region size 1024K, 3 young (3072K), 3 survivors (3072K)
 Metaspace       used 51057K, committed 51648K, reserved 1097728K
  class space    used 6932K, committed 7232K, reserved 1048576K
}
Event: 9.269 GC heap before
{Heap before GC invocations=16 (full 0):
 garbage-first heap   total 135168K, used 109094K [0x0000000080000000, 0x0000000100000000)
  region size 1024K, 33 young (33792K), 3 survivors (3072K)
 Metaspace       used 56795K, committed 57408K, reserved 1105920K
  class space    used 7642K, committed 7936K, reserved 1048576K
}
Event: 9.274 GC heap after
{Heap after GC invocations=17 (full 0):
 garbage-first heap   total 162816K, used 81137K [0x0000000080000000, 0x0000000100000000)
  region size 1024K, 3 young (3072K), 3 survivors (3072K)
 Metaspace       used 56795K, committed 57408K, reserved 1105920K
  class space    used 7642K, committed 7936K, reserved 1048576K
}
Event: 9.772 GC heap before
{Heap before GC invocations=18 (full 0):
 garbage-first heap   total 162816K, used 118001K [0x0000000080000000, 0x0000000100000000)
  region size 1024K, 41 young (41984K), 3 survivors (3072K)
 Metaspace       used 60225K, committed 60864K, reserved 1105920K
  class space    used 8042K, committed 8320K, reserved 1048576K
}
Event: 9.779 GC heap after
{Heap after GC invocations=19 (full 0):
 garbage-first heap   total 162816K, used 84171K [0x0000000080000000, 0x0000000100000000)
  region size 1024K, 6 young (6144K), 6 survivors (6144K)
 Metaspace       used 60225K, committed 60864K, reserved 1105920K
  class space    used 8042K, committed 8320K, reserved 1048576K
}
Event: 10.372 GC heap before
{Heap before GC invocations=20 (full 0):
 garbage-first heap   total 162816K, used 129227K [0x0000000080000000, 0x0000000100000000)
  region size 1024K, 49 young (50176K), 6 survivors (6144K)
 Metaspace       used 63286K, committed 63936K, reserved 1105920K
  class space    used 8440K, committed 8768K, reserved 1048576K
}
Event: 10.379 GC heap after
{Heap after GC invocations=21 (full 0):
 garbage-first heap   total 162816K, used 87637K [0x0000000080000000, 0x0000000100000000)
  region size 1024K, 4 young (4096K), 4 survivors (4096K)
 Metaspace       used 63286K, committed 63936K, reserved 1105920K
  class space    used 8440K, committed 8768K, reserved 1048576K
}
Event: 10.846 GC heap before
{Heap before GC invocations=21 (full 0):
 garbage-first heap   total 162816K, used 129621K [0x0000000080000000, 0x0000000100000000)
  region size 1024K, 45 young (46080K), 4 survivors (4096K)
 Metaspace       used 67035K, committed 67712K, reserved 1114112K
  class space    used 9071K, committed 9408K, reserved 1048576K
}
Event: 10.853 GC heap after
{Heap after GC invocations=22 (full 0):
 garbage-first heap   total 162816K, used 91255K [0x0000000080000000, 0x0000000100000000)
  region size 1024K, 4 young (4096K), 4 survivors (4096K)
 Metaspace       used 67035K, committed 67712K, reserved 1114112K
  class space    used 9071K, committed 9408K, reserved 1048576K
}
Event: 11.417 GC heap before
{Heap before GC invocations=23 (full 0):
 garbage-first heap   total 162816K, used 141431K [0x0000000080000000, 0x0000000100000000)
  region size 1024K, 44 young (45056K), 4 survivors (4096K)
 Metaspace       used 71284K, committed 71872K, reserved 1114112K
  class space    used 9695K, committed 9984K, reserved 1048576K
}
Event: 11.423 GC heap after
{Heap after GC invocations=24 (full 0):
 garbage-first heap   total 162816K, used 106827K [0x0000000080000000, 0x0000000100000000)
  region size 1024K, 6 young (6144K), 6 survivors (6144K)
 Metaspace       used 71284K, committed 71872K, reserved 1114112K
  class space    used 9695K, committed 9984K, reserved 1048576K
}
Event: 11.441 GC heap before
{Heap before GC invocations=24 (full 0):
 garbage-first heap   total 162816K, used 107851K [0x0000000080000000, 0x0000000100000000)
  region size 1024K, 7 young (7168K), 6 survivors (6144K)
 Metaspace       used 71370K, committed 72000K, reserved 1114112K
  class space    used 9712K, committed 9984K, reserved 1048576K
}
Event: 11.448 GC heap after
{Heap after GC invocations=25 (full 0):
 garbage-first heap   total 162816K, used 107345K [0x0000000080000000, 0x0000000100000000)
  region size 1024K, 1 young (1024K), 1 survivors (1024K)
 Metaspace       used 71370K, committed 72000K, reserved 1114112K
  class space    used 9712K, committed 9984K, reserved 1048576K
}
Event: 11.710 GC heap before
{Heap before GC invocations=25 (full 0):
 garbage-first heap   total 162816K, used 133969K [0x0000000080000000, 0x0000000100000000)
  region size 1024K, 27 young (27648K), 1 survivors (1024K)
 Metaspace       used 72317K, committed 72960K, reserved 1114112K
  class space    used 9853K, committed 10176K, reserved 1048576K
}
Event: 11.715 GC heap after
{Heap after GC invocations=26 (full 0):
 garbage-first heap   total 162816K, used 109107K [0x0000000080000000, 0x0000000100000000)
  region size 1024K, 3 young (3072K), 3 survivors (3072K)
 Metaspace       used 72317K, committed 72960K, reserved 1114112K
  class space    used 9853K, committed 10176K, reserved 1048576K
}

