# JRE version: OpenJDK Runtime Environment (17.0.2+8) (build 17.0.2+8-86)
# Java VM: OpenJDK 64-Bit Server VM (17.0.2+8-86, mixed mode, sharing, tiered, compressed oops, compressed class ptrs, g1 gc, windows-amd64)
GC Precious Log:
 CPUs: 6 total, 6 available
 Memory: 8088M
 Large Page Support: Disabled
 NUMA Support: Disabled
 Compressed Oops: Enabled (32-bit)
 Heap Region Size: 1M
 Heap Min Capacity: 8M
 Heap Initial Capacity: 128M
 Heap Max Capacity: 2G
 Pre-touch: Disabled
 Parallel Workers: 6
 Concurrent Workers: 2
 Concurrent Refinement Workers: 6
 Periodic GC: Disabled
Heap:
 garbage-first heap   total 163840K, used 98601K [0x0000000080000000, 0x0000000100000000)
  region size 1024K, 2 young (2048K), 1 survivors (1024K)
 Metaspace       used 75595K, committed 76160K, reserved 1122304K
  class space    used 10323K, committed 10560K, reserved 1048576K
GC Heap History (20 events):
Event: 7.616 GC heap before
{Heap before GC invocations=20 (full 0):
 garbage-first heap   total 102400K, used 85628K [0x0000000080000000, 0x0000000100000000)
  region size 1024K, 29 young (29696K), 2 survivors (2048K)
 Metaspace       used 56024K, committed 56576K, reserved 1105920K
  class space    used 7472K, committed 7744K, reserved 1048576K
}
Event: 7.622 GC heap after
{Heap after GC invocations=21 (full 0):
 garbage-first heap   total 102400K, used 60777K [0x0000000080000000, 0x0000000100000000)
  region size 1024K, 4 young (4096K), 4 survivors (4096K)
 Metaspace       used 56024K, committed 56576K, reserved 1105920K
  class space    used 7472K, committed 7744K, reserved 1048576K
}
Event: 7.946 GC heap before
{Heap before GC invocations=22 (full 0):
 garbage-first heap   total 109568K, used 85353K [0x0000000080000000, 0x0000000100000000)
  region size 1024K, 28 young (28672K), 4 survivors (4096K)
 Metaspace       used 58826K, committed 59328K, reserved 1105920K
  class space    used 7900K, committed 8128K, reserved 1048576K
}
Event: 7.952 GC heap after
{Heap after GC invocations=23 (full 0):
 garbage-first heap   total 109568K, used 62796K [0x0000000080000000, 0x0000000100000000)
  region size 1024K, 2 young (2048K), 2 survivors (2048K)
 Metaspace       used 58826K, committed 59328K, reserved 1105920K
  class space    used 7900K, committed 8128K, reserved 1048576K
}
Event: 8.297 GC heap before
{Heap before GC invocations=23 (full 0):
 garbage-first heap   total 109568K, used 90444K [0x0000000080000000, 0x0000000100000000)
  region size 1024K, 29 young (29696K), 2 survivors (2048K)
 Metaspace       used 61806K, committed 62336K, reserved 1105920K
  class space    used 8395K, committed 8640K, reserved 1048576K
}
Event: 8.302 GC heap after
{Heap after GC invocations=24 (full 0):
 garbage-first heap   total 109568K, used 64508K [0x0000000080000000, 0x0000000100000000)
  region size 1024K, 4 young (4096K), 4 survivors (4096K)
 Metaspace       used 61806K, committed 62336K, reserved 1105920K
  class space    used 8395K, committed 8640K, reserved 1048576K
}
Event: 8.648 GC heap before
{Heap before GC invocations=25 (full 0):
 garbage-first heap   total 114688K, used 89084K [0x0000000080000000, 0x0000000100000000)
  region size 1024K, 29 young (29696K), 4 survivors (4096K)
 Metaspace       used 64012K, committed 64576K, reserved 1105920K
  class space    used 8737K, committed 9024K, reserved 1048576K
}
Event: 8.654 GC heap after
{Heap after GC invocations=26 (full 0):
 garbage-first heap   total 114688K, used 66510K [0x0000000080000000, 0x0000000100000000)
  region size 1024K, 4 young (4096K), 4 survivors (4096K)
 Metaspace       used 64012K, committed 64576K, reserved 1105920K
  class space    used 8737K, committed 9024K, reserved 1048576K
}
Event: 9.025 GC heap before
{Heap before GC invocations=26 (full 0):
 garbage-first heap   total 114688K, used 94158K [0x0000000080000000, 0x0000000100000000)
  region size 1024K, 31 young (31744K), 4 survivors (4096K)
 Metaspace       used 67077K, committed 67648K, reserved 1114112K
  class space    used 9193K, committed 9472K, reserved 1048576K
}
Event: 9.031 GC heap after
{Heap after GC invocations=27 (full 0):
 garbage-first heap   total 138240K, used 68575K [0x0000000080000000, 0x0000000100000000)
  region size 1024K, 4 young (4096K), 4 survivors (4096K)
 Metaspace       used 67077K, committed 67648K, reserved 1114112K
  class space    used 9193K, committed 9472K, reserved 1048576K
}
Event: 9.855 GC heap before
{Heap before GC invocations=28 (full 0):
 garbage-first heap   total 138240K, used 111583K [0x0000000080000000, 0x0000000100000000)
  region size 1024K, 46 young (47104K), 4 survivors (4096K)
 Metaspace       used 71937K, committed 72512K, reserved 1114112K
  class space    used 9896K, committed 10176K, reserved 1048576K
}
Event: 9.864 GC heap after
{Heap after GC invocations=29 (full 0):
 garbage-first heap   total 138240K, used 72069K [0x0000000080000000, 0x0000000100000000)
  region size 1024K, 6 young (6144K), 6 survivors (6144K)
 Metaspace       used 71937K, committed 72512K, reserved 1114112K
  class space    used 9896K, committed 10176K, reserved 1048576K
}
Event: 10.239 GC heap before
{Heap before GC invocations=29 (full 0):
 garbage-first heap   total 138240K, used 110981K [0x0000000080000000, 0x0000000100000000)
  region size 1024K, 45 young (46080K), 6 survivors (6144K)
 Metaspace       used 72841K, committed 73408K, reserved 1114112K
  class space    used 10056K, committed 10304K, reserved 1048576K
}
Event: 10.247 GC heap after
{Heap after GC invocations=30 (full 0):
 garbage-first heap   total 138240K, used 74799K [0x0000000080000000, 0x0000000100000000)
  region size 1024K, 3 young (3072K), 3 survivors (3072K)
 Metaspace       used 72841K, committed 73408K, reserved 1114112K
  class space    used 10056K, committed 10304K, reserved 1048576K
}
Event: 10.908 GC heap before
{Heap before GC invocations=31 (full 0):
 garbage-first heap   total 138240K, used 112687K [0x0000000080000000, 0x0000000100000000)
  region size 1024K, 41 young (41984K), 3 survivors (3072K)
 Metaspace       used 74855K, committed 75456K, reserved 1114112K
  class space    used 10251K, committed 10496K, reserved 1048576K
}
Event: 10.916 GC heap after
{Heap after GC invocations=32 (full 0):
 garbage-first heap   total 138240K, used 81582K [0x0000000080000000, 0x0000000100000000)
  region size 1024K, 6 young (6144K), 6 survivors (6144K)
 Metaspace       used 74855K, committed 75456K, reserved 1114112K
  class space    used 10251K, committed 10496K, reserved 1048576K
}
Event: 11.024 GC heap before
{Heap before GC invocations=32 (full 0):
 garbage-first heap   total 138240K, used 89774K [0x0000000080000000, 0x0000000100000000)
  region size 1024K, 15 young (15360K), 6 survivors (6144K)
 Metaspace       used 74888K, committed 75456K, reserved 1114112K
  class space    used 10251K, committed 10496K, reserved 1048576K
}
Event: 11.033 GC heap after
{Heap after GC invocations=33 (full 0):
 garbage-first heap   total 138240K, used 85516K [0x0000000080000000, 0x0000000100000000)
  region size 1024K, 4 young (4096K), 4 survivors (4096K)
 Metaspace       used 74888K, committed 75456K, reserved 1114112K
  class space    used 10251K, committed 10496K, reserved 1048576K
}
Event: 11.270 GC heap before
{Heap before GC invocations=34 (full 0):
 garbage-first heap   total 163840K, used 110092K [0x0000000080000000, 0x0000000100000000)
  region size 1024K, 26 young (26624K), 4 survivors (4096K)
 Metaspace       used 74962K, committed 75520K, reserved 1114112K
  class space    used 10251K, committed 10496K, reserved 1048576K
}
Event: 11.282 GC heap after
{Heap after GC invocations=35 (full 0):
 garbage-first heap   total 163840K, used 97464K [0x0000000080000000, 0x0000000100000000)
  region size 1024K, 4 young (4096K), 4 survivors (4096K)
 Metaspace       used 74962K, committed 75520K, reserved 1114112K
  class space    used 10251K, committed 10496K, reserved 1048576K
}

