# JRE version: OpenJDK Runtime Environment (11.0.11+9) (build 11.0.11+9-b60-7590822)
# Java VM: OpenJDK 64-Bit Server VM (11.0.11+9-b60-7590822, mixed mode, tiered, compressed oops, g1 gc, windows-amd64)
Heap:
 garbage-first heap   total 189440K, used 111276K [0x0000000080000000, 0x0000000100000000)
  region size 1024K, 50 young (51200K), 4 survivors (4096K)
 Metaspace       used 52041K, capacity 53681K, committed 53960K, reserved 1095680K
  class space    used 6655K, capacity 7175K, committed 7296K, reserved 1048576K
GC Heap History (18 events):
Event: 0.665 GC heap before
{Heap before GC invocations=0 (full 0):
 garbage-first heap   total 131072K, used 27648K [0x0000000080000000, 0x0000000100000000)
  region size 1024K, 22 young (22528K), 0 survivors (0K)
 Metaspace       used 9998K, capacity 10272K, committed 10368K, reserved 1058816K
  class space    used 1037K, capacity 1105K, committed 1152K, reserved 1048576K
}
Event: 0.671 GC heap after
{Heap after GC invocations=1 (full 0):
 garbage-first heap   total 131072K, used 9514K [0x0000000080000000, 0x0000000100000000)
  region size 1024K, 3 young (3072K), 3 survivors (3072K)
 Metaspace       used 9998K, capacity 10272K, committed 10368K, reserved 1058816K
  class space    used 1037K, capacity 1105K, committed 1152K, reserved 1048576K
}
Event: 0.974 GC heap before
{Heap before GC invocations=1 (full 0):
 garbage-first heap   total 131072K, used 28970K [0x0000000080000000, 0x0000000100000000)
  region size 1024K, 22 young (22528K), 3 survivors (3072K)
 Metaspace       used 11183K, capacity 11456K, committed 11520K, reserved 1058816K
  class space    used 1174K, capacity 1244K, committed 1280K, reserved 1048576K
}
Event: 0.978 GC heap after
{Heap after GC invocations=2 (full 0):
 garbage-first heap   total 131072K, used 10506K [0x0000000080000000, 0x0000000100000000)
  region size 1024K, 1 young (1024K), 1 survivors (1024K)
 Metaspace       used 11183K, capacity 11456K, committed 11520K, reserved 1058816K
  class space    used 1174K, capacity 1244K, committed 1280K, reserved 1048576K
}
Event: 1.745 GC heap before
{Heap before GC invocations=2 (full 0):
 garbage-first heap   total 131072K, used 59658K [0x0000000080000000, 0x0000000100000000)
  region size 1024K, 49 young (50176K), 1 survivors (1024K)
 Metaspace       used 17390K, capacity 17838K, committed 18048K, reserved 1064960K
  class space    used 2022K, capacity 2150K, committed 2176K, reserved 1048576K
}
Event: 1.752 GC heap after
{Heap after GC invocations=3 (full 0):
 garbage-first heap   total 131072K, used 16698K [0x0000000080000000, 0x0000000100000000)
  region size 1024K, 7 young (7168K), 7 survivors (7168K)
 Metaspace       used 17390K, capacity 17838K, committed 18048K, reserved 1064960K
  class space    used 2022K, capacity 2150K, committed 2176K, reserved 1048576K
}
Event: 2.146 GC heap before
{Heap before GC invocations=3 (full 0):
 garbage-first heap   total 131072K, used 45370K [0x0000000080000000, 0x0000000100000000)
  region size 1024K, 36 young (36864K), 7 survivors (7168K)
 Metaspace       used 20629K, capacity 21130K, committed 21296K, reserved 1069056K
  class space    used 2531K, capacity 2676K, committed 2688K, reserved 1048576K
}
Event: 2.156 GC heap after
{Heap after GC invocations=4 (full 0):
 garbage-first heap   total 131072K, used 17885K [0x0000000080000000, 0x0000000100000000)
  region size 1024K, 2 young (2048K), 2 survivors (2048K)
 Metaspace       used 20629K, capacity 21130K, committed 21296K, reserved 1069056K
  class space    used 2531K, capacity 2676K, committed 2688K, reserved 1048576K
}
Event: 2.778 GC heap before
{Heap before GC invocations=5 (full 0):
 garbage-first heap   total 131072K, used 71133K [0x0000000080000000, 0x0000000100000000)
  region size 1024K, 54 young (55296K), 2 survivors (2048K)
 Metaspace       used 26423K, capacity 27146K, committed 27184K, reserved 1073152K
  class space    used 3459K, capacity 3688K, committed 3712K, reserved 1048576K
}
Event: 2.784 GC heap after
{Heap after GC invocations=6 (full 0):
 garbage-first heap   total 157696K, used 19859K [0x0000000080000000, 0x0000000100000000)
  region size 1024K, 4 young (4096K), 4 survivors (4096K)
 Metaspace       used 26423K, capacity 27146K, committed 27184K, reserved 1073152K
  class space    used 3459K, capacity 3688K, committed 3712K, reserved 1048576K
}
Event: 3.684 GC heap before
{Heap before GC invocations=6 (full 0):
 garbage-first heap   total 157696K, used 96659K [0x0000000080000000, 0x0000000100000000)
  region size 1024K, 72 young (73728K), 4 survivors (4096K)
 Metaspace       used 34495K, capacity 35482K, committed 35632K, reserved 1079296K
  class space    used 4537K, capacity 4890K, committed 4992K, reserved 1048576K
}
Event: 3.694 GC heap after
{Heap after GC invocations=7 (full 0):
 garbage-first heap   total 157696K, used 35238K [0x0000000080000000, 0x0000000100000000)
  region size 1024K, 10 young (10240K), 10 survivors (10240K)
 Metaspace       used 34495K, capacity 35482K, committed 35632K, reserved 1079296K
  class space    used 4537K, capacity 4890K, committed 4992K, reserved 1048576K
}
Event: 4.516 GC heap before
{Heap before GC invocations=8 (full 0):
 garbage-first heap   total 157696K, used 105894K [0x0000000080000000, 0x0000000100000000)
  region size 1024K, 77 young (78848K), 10 survivors (10240K)
 Metaspace       used 42015K, capacity 43137K, committed 43336K, reserved 1087488K
  class space    used 5379K, capacity 5774K, committed 5888K, reserved 1048576K
}
Event: 4.527 GC heap after
{Heap after GC invocations=9 (full 0):
 garbage-first heap   total 157696K, used 40800K [0x0000000080000000, 0x0000000100000000)
  region size 1024K, 6 young (6144K), 6 survivors (6144K)
 Metaspace       used 42015K, capacity 43137K, committed 43336K, reserved 1087488K
  class space    used 5379K, capacity 5774K, committed 5888K, reserved 1048576K
}
Event: 5.288 GC heap before
{Heap before GC invocations=9 (full 0):
 garbage-first heap   total 157696K, used 116576K [0x0000000080000000, 0x0000000100000000)
  region size 1024K, 73 young (74752K), 6 survivors (6144K)
 Metaspace       used 46390K, capacity 47656K, committed 47944K, reserved 1091584K
  class space    used 5879K, capacity 6330K, committed 6400K, reserved 1048576K
}
Event: 5.298 GC heap after
{Heap after GC invocations=10 (full 0):
 garbage-first heap   total 157696K, used 53824K [0x0000000080000000, 0x0000000100000000)
  region size 1024K, 10 young (10240K), 10 survivors (10240K)
 Metaspace       used 46390K, capacity 47656K, committed 47944K, reserved 1091584K
  class space    used 5879K, capacity 6330K, committed 6400K, reserved 1048576K
}
Event: 5.983 GC heap before
{Heap before GC invocations=10 (full 0):
 garbage-first heap   total 157696K, used 117312K [0x0000000080000000, 0x0000000100000000)
  region size 1024K, 72 young (73728K), 10 survivors (10240K)
 Metaspace       used 50065K, capacity 51507K, committed 51784K, reserved 1093632K
  class space    used 6407K, capacity 6886K, committed 6912K, reserved 1048576K
}
Event: 5.998 GC heap after
{Heap after GC invocations=11 (full 0):
 garbage-first heap   total 189440K, used 57004K [0x0000000080000000, 0x0000000100000000)
  region size 1024K, 4 young (4096K), 4 survivors (4096K)
 Metaspace       used 50065K, capacity 51507K, committed 51784K, reserved 1093632K
  class space    used 6407K, capacity 6886K, committed 6912K, reserved 1048576K
}

