# JRE version: OpenJDK Runtime Environment (11.0.11+9) (build 11.0.11+9-b60-7590822)
# Java VM: OpenJDK 64-Bit Server VM (11.0.11+9-b60-7590822, mixed mode, tiered, compressed oops, g1 gc, windows-amd64)
Heap:
 garbage-first heap   total 189440K, used 145421K [0x0000000080000000, 0x0000000100000000)
  region size 1024K, 6 young (6144K), 2 survivors (2048K)
 Metaspace       used 114945K, capacity 118121K, committed 118320K, reserved 1150976K
  class space    used 14705K, capacity 15873K, committed 16000K, reserved 1048576K
GC Heap History (20 events):
Event: 21.003 GC heap before
{Heap before GC invocations=31 (full 0):
 garbage-first heap   total 189440K, used 161886K [0x0000000080000000, 0x0000000100000000)
  region size 1024K, 43 young (44032K), 5 survivors (5120K)
 Metaspace       used 104301K, capacity 106944K, committed 107056K, reserved 1142784K
  class space    used 13455K, capacity 14377K, committed 14464K, reserved 1048576K
}
Event: 21.012 GC heap after
{Heap after GC invocations=32 (full 0):
 garbage-first heap   total 189440K, used 123622K [0x0000000080000000, 0x0000000100000000)
  region size 1024K, 4 young (4096K), 4 survivors (4096K)
 Metaspace       used 104301K, capacity 106944K, committed 107056K, reserved 1142784K
  class space    used 13455K, capacity 14377K, committed 14464K, reserved 1048576K
}
Event: 21.391 GC heap before
{Heap before GC invocations=33 (full 0):
 garbage-first heap   total 189440K, used 162534K [0x0000000080000000, 0x0000000100000000)
  region size 1024K, 42 young (43008K), 4 survivors (4096K)
 Metaspace       used 106921K, capacity 109691K, committed 110000K, reserved 1144832K
  class space    used 13738K, capacity 14694K, committed 14848K, reserved 1048576K
}
Event: 21.401 GC heap after
{Heap after GC invocations=34 (full 0):
 garbage-first heap   total 189440K, used 126188K [0x0000000080000000, 0x0000000100000000)
  region size 1024K, 6 young (6144K), 6 survivors (6144K)
 Metaspace       used 106921K, capacity 109691K, committed 110000K, reserved 1144832K
  class space    used 13738K, capacity 14694K, committed 14848K, reserved 1048576K
}
Event: 21.718 GC heap before
{Heap before GC invocations=34 (full 0):
 garbage-first heap   total 189440K, used 163052K [0x0000000080000000, 0x0000000100000000)
  region size 1024K, 42 young (43008K), 6 survivors (6144K)
 Metaspace       used 107969K, capacity 110710K, committed 110896K, reserved 1144832K
  class space    used 13878K, capacity 14893K, committed 14976K, reserved 1048576K
}
Event: 21.730 GC heap after
{Heap after GC invocations=35 (full 0):
 garbage-first heap   total 189440K, used 128974K [0x0000000080000000, 0x0000000100000000)
  region size 1024K, 6 young (6144K), 6 survivors (6144K)
 Metaspace       used 107969K, capacity 110710K, committed 110896K, reserved 1144832K
  class space    used 13878K, capacity 14893K, committed 14976K, reserved 1048576K
}
Event: 55.318 GC heap before
{Heap before GC invocations=36 (full 0):
 garbage-first heap   total 189440K, used 162766K [0x0000000080000000, 0x0000000100000000)
  region size 1024K, 39 young (39936K), 6 survivors (6144K)
 Metaspace       used 110109K, capacity 112996K, committed 113328K, reserved 1146880K
  class space    used 14152K, capacity 15233K, committed 15360K, reserved 1048576K
}
Event: 55.328 GC heap after
{Heap after GC invocations=37 (full 0):
 garbage-first heap   total 189440K, used 131931K [0x0000000080000000, 0x0000000100000000)
  region size 1024K, 4 young (4096K), 4 survivors (4096K)
 Metaspace       used 110109K, capacity 112996K, committed 113328K, reserved 1146880K
  class space    used 14152K, capacity 15233K, committed 15360K, reserved 1048576K
}
Event: 55.858 GC heap before
{Heap before GC invocations=37 (full 0):
 garbage-first heap   total 189440K, used 161627K [0x0000000080000000, 0x0000000100000000)
  region size 1024K, 34 young (34816K), 4 survivors (4096K)
 Metaspace       used 111062K, capacity 114057K, committed 114096K, reserved 1148928K
  class space    used 14251K, capacity 15344K, committed 15360K, reserved 1048576K
}
Event: 55.880 GC heap after
{Heap after GC invocations=38 (full 0):
 garbage-first heap   total 189440K, used 135645K [0x0000000080000000, 0x0000000100000000)
  region size 1024K, 4 young (4096K), 4 survivors (4096K)
 Metaspace       used 111062K, capacity 114057K, committed 114096K, reserved 1148928K
  class space    used 14251K, capacity 15344K, committed 15360K, reserved 1048576K
}
Event: 56.675 GC heap before
{Heap before GC invocations=39 (full 0):
 garbage-first heap   total 189440K, used 161245K [0x0000000080000000, 0x0000000100000000)
  region size 1024K, 30 young (30720K), 4 survivors (4096K)
 Metaspace       used 113462K, capacity 116596K, committed 116784K, reserved 1150976K
  class space    used 14545K, capacity 15702K, committed 15744K, reserved 1048576K
}
Event: 56.688 GC heap after
{Heap after GC invocations=40 (full 0):
 garbage-first heap   total 189440K, used 138082K [0x0000000080000000, 0x0000000100000000)
  region size 1024K, 3 young (3072K), 3 survivors (3072K)
 Metaspace       used 113462K, capacity 116596K, committed 116784K, reserved 1150976K
  class space    used 14545K, capacity 15702K, committed 15744K, reserved 1048576K
}
Event: 56.861 GC heap before
{Heap before GC invocations=40 (full 0):
 garbage-first heap   total 189440K, used 144226K [0x0000000080000000, 0x0000000100000000)
  region size 1024K, 9 young (9216K), 3 survivors (3072K)
 Metaspace       used 113554K, capacity 116705K, committed 116784K, reserved 1150976K
  class space    used 14557K, capacity 15711K, committed 15744K, reserved 1048576K
}
Event: 56.871 GC heap after
{Heap after GC invocations=41 (full 0):
 garbage-first heap   total 189440K, used 135274K [0x0000000080000000, 0x0000000100000000)
  region size 1024K, 1 young (1024K), 1 survivors (1024K)
 Metaspace       used 113554K, capacity 116705K, committed 116784K, reserved 1150976K
  class space    used 14557K, capacity 15711K, committed 15744K, reserved 1048576K
}
Event: 57.892 GC heap before
{Heap before GC invocations=41 (full 0):
 garbage-first heap   total 189440K, used 159850K [0x0000000080000000, 0x0000000100000000)
  region size 1024K, 26 young (26624K), 1 survivors (1024K)
 Metaspace       used 114461K, capacity 117687K, committed 117936K, reserved 1150976K
  class space    used 14669K, capacity 15837K, committed 15872K, reserved 1048576K
}
Event: 57.902 GC heap after
{Heap after GC invocations=42 (full 0):
 garbage-first heap   total 189440K, used 136864K [0x0000000080000000, 0x0000000100000000)
  region size 1024K, 3 young (3072K), 3 survivors (3072K)
 Metaspace       used 114461K, capacity 117687K, committed 117936K, reserved 1150976K
  class space    used 14669K, capacity 15837K, committed 15872K, reserved 1048576K
}
Event: 58.778 GC heap before
{Heap before GC invocations=43 (full 0):
 garbage-first heap   total 189440K, used 160416K [0x0000000080000000, 0x0000000100000000)
  region size 1024K, 27 young (27648K), 3 survivors (3072K)
 Metaspace       used 114923K, capacity 118121K, committed 118320K, reserved 1150976K
  class space    used 14705K, capacity 15873K, committed 16000K, reserved 1048576K
}
Event: 58.785 GC heap after
{Heap after GC invocations=44 (full 0):
 garbage-first heap   total 189440K, used 141388K [0x0000000080000000, 0x0000000100000000)
  region size 1024K, 4 young (4096K), 4 survivors (4096K)
 Metaspace       used 114923K, capacity 118121K, committed 118320K, reserved 1150976K
  class space    used 14705K, capacity 15873K, committed 16000K, reserved 1048576K
}
Event: 59.075 GC heap before
{Heap before GC invocations=44 (full 0):
 garbage-first heap   total 189440K, used 146508K [0x0000000080000000, 0x0000000100000000)
  region size 1024K, 9 young (9216K), 4 survivors (4096K)
 Metaspace       used 114926K, capacity 118121K, committed 118320K, reserved 1150976K
  class space    used 14705K, capacity 15873K, committed 16000K, reserved 1048576K
}
Event: 59.082 GC heap after
{Heap after GC invocations=45 (full 0):
 garbage-first heap   total 189440K, used 142349K [0x0000000080000000, 0x0000000100000000)
  region size 1024K, 2 young (2048K), 2 survivors (2048K)
 Metaspace       used 114926K, capacity 118121K, committed 118320K, reserved 1150976K
  class space    used 14705K, capacity 15873K, committed 16000K, reserved 1048576K
}

