# JRE version: OpenJDK Runtime Environment (11.0.11+9) (build 11.0.11+9-b60-7590822)
# Java VM: OpenJDK 64-Bit Server VM (11.0.11+9-b60-7590822, mixed mode, tiered, compressed oops, g1 gc, windows-amd64)
Heap:
 garbage-first heap   total 229376K, used 159908K [0x0000000080000000, 0x0000000100000000)
  region size 1024K, 1 young (1024K), 1 survivors (1024K)
 Metaspace       used 125519K, capacity 128907K, committed 129188K, reserved 1161216K
  class space    used 15662K, capacity 16852K, committed 16988K, reserved 1048576K
GC Heap History (20 events):
Event: 945.453 GC heap after
{Heap after GC invocations=103 (full 0):
 garbage-first heap   total 189440K, used 159721K [0x0000000080000000, 0x0000000100000000)
  region size 1024K, 1 young (1024K), 1 survivors (1024K)
 Metaspace       used 125471K, capacity 128843K, committed 129188K, reserved 1161216K
  class space    used 15662K, capacity 16852K, committed 16988K, reserved 1048576K
}
Event: 945.501 GC heap before
{Heap before GC invocations=103 (full 0):
 garbage-first heap   total 189440K, used 167913K [0x0000000080000000, 0x0000000100000000)
  region size 1024K, 9 young (9216K), 1 survivors (1024K)
 Metaspace       used 125506K, capacity 128843K, committed 129188K, reserved 1161216K
  class space    used 15662K, capacity 16852K, committed 16988K, reserved 1048576K
}
Event: 945.502 GC heap after
{Heap after GC invocations=104 (full 0):
 garbage-first heap   total 189440K, used 159713K [0x0000000080000000, 0x0000000100000000)
  region size 1024K, 1 young (1024K), 1 survivors (1024K)
 Metaspace       used 125506K, capacity 128843K, committed 129188K, reserved 1161216K
  class space    used 15662K, capacity 16852K, committed 16988K, reserved 1048576K
}
Event: 945.542 GC heap before
{Heap before GC invocations=104 (full 0):
 garbage-first heap   total 189440K, used 167905K [0x0000000080000000, 0x0000000100000000)
  region size 1024K, 9 young (9216K), 1 survivors (1024K)
 Metaspace       used 125513K, capacity 128843K, committed 129188K, reserved 1161216K
  class space    used 15662K, capacity 16852K, committed 16988K, reserved 1048576K
}
Event: 945.544 GC heap after
{Heap after GC invocations=105 (full 0):
 garbage-first heap   total 189440K, used 159673K [0x0000000080000000, 0x0000000100000000)
  region size 1024K, 1 young (1024K), 1 survivors (1024K)
 Metaspace       used 125513K, capacity 128843K, committed 129188K, reserved 1161216K
  class space    used 15662K, capacity 16852K, committed 16988K, reserved 1048576K
}
Event: 945.583 GC heap before
{Heap before GC invocations=105 (full 0):
 garbage-first heap   total 189440K, used 167865K [0x0000000080000000, 0x0000000100000000)
  region size 1024K, 9 young (9216K), 1 survivors (1024K)
 Metaspace       used 125518K, capacity 128907K, committed 129188K, reserved 1161216K
  class space    used 15662K, capacity 16852K, committed 16988K, reserved 1048576K
}
Event: 945.584 GC heap after
{Heap after GC invocations=106 (full 0):
 garbage-first heap   total 189440K, used 159689K [0x0000000080000000, 0x0000000100000000)
  region size 1024K, 1 young (1024K), 1 survivors (1024K)
 Metaspace       used 125518K, capacity 128907K, committed 129188K, reserved 1161216K
  class space    used 15662K, capacity 16852K, committed 16988K, reserved 1048576K
}
Event: 945.623 GC heap before
{Heap before GC invocations=106 (full 0):
 garbage-first heap   total 189440K, used 167881K [0x0000000080000000, 0x0000000100000000)
  region size 1024K, 9 young (9216K), 1 survivors (1024K)
 Metaspace       used 125518K, capacity 128907K, committed 129188K, reserved 1161216K
  class space    used 15662K, capacity 16852K, committed 16988K, reserved 1048576K
}
Event: 945.624 GC heap after
{Heap after GC invocations=107 (full 0):
 garbage-first heap   total 189440K, used 159699K [0x0000000080000000, 0x0000000100000000)
  region size 1024K, 1 young (1024K), 1 survivors (1024K)
 Metaspace       used 125518K, capacity 128907K, committed 129188K, reserved 1161216K
  class space    used 15662K, capacity 16852K, committed 16988K, reserved 1048576K
}
Event: 945.659 GC heap before
{Heap before GC invocations=107 (full 0):
 garbage-first heap   total 189440K, used 167891K [0x0000000080000000, 0x0000000100000000)
  region size 1024K, 9 young (9216K), 1 survivors (1024K)
 Metaspace       used 125519K, capacity 128907K, committed 129188K, reserved 1161216K
  class space    used 15662K, capacity 16852K, committed 16988K, reserved 1048576K
}
Event: 945.660 GC heap after
{Heap after GC invocations=108 (full 0):
 garbage-first heap   total 189440K, used 159777K [0x0000000080000000, 0x0000000100000000)
  region size 1024K, 1 young (1024K), 1 survivors (1024K)
 Metaspace       used 125519K, capacity 128907K, committed 129188K, reserved 1161216K
  class space    used 15662K, capacity 16852K, committed 16988K, reserved 1048576K
}
Event: 945.698 GC heap before
{Heap before GC invocations=108 (full 0):
 garbage-first heap   total 189440K, used 167969K [0x0000000080000000, 0x0000000100000000)
  region size 1024K, 9 young (9216K), 1 survivors (1024K)
 Metaspace       used 125519K, capacity 128907K, committed 129188K, reserved 1161216K
  class space    used 15662K, capacity 16852K, committed 16988K, reserved 1048576K
}
Event: 945.699 GC heap after
{Heap after GC invocations=109 (full 0):
 garbage-first heap   total 189440K, used 159736K [0x0000000080000000, 0x0000000100000000)
  region size 1024K, 1 young (1024K), 1 survivors (1024K)
 Metaspace       used 125519K, capacity 128907K, committed 129188K, reserved 1161216K
  class space    used 15662K, capacity 16852K, committed 16988K, reserved 1048576K
}
Event: 945.737 GC heap before
{Heap before GC invocations=109 (full 0):
 garbage-first heap   total 189440K, used 167928K [0x0000000080000000, 0x0000000100000000)
  region size 1024K, 9 young (9216K), 1 survivors (1024K)
 Metaspace       used 125519K, capacity 128907K, committed 129188K, reserved 1161216K
  class space    used 15662K, capacity 16852K, committed 16988K, reserved 1048576K
}
Event: 945.738 GC heap after
{Heap after GC invocations=110 (full 0):
 garbage-first heap   total 189440K, used 159790K [0x0000000080000000, 0x0000000100000000)
  region size 1024K, 1 young (1024K), 1 survivors (1024K)
 Metaspace       used 125519K, capacity 128907K, committed 129188K, reserved 1161216K
  class space    used 15662K, capacity 16852K, committed 16988K, reserved 1048576K
}
Event: 945.771 GC heap before
{Heap before GC invocations=110 (full 0):
 garbage-first heap   total 189440K, used 167982K [0x0000000080000000, 0x0000000100000000)
  region size 1024K, 9 young (9216K), 1 survivors (1024K)
 Metaspace       used 125519K, capacity 128907K, committed 129188K, reserved 1161216K
  class space    used 15662K, capacity 16852K, committed 16988K, reserved 1048576K
}
Event: 945.772 GC heap after
{Heap after GC invocations=111 (full 0):
 garbage-first heap   total 189440K, used 159785K [0x0000000080000000, 0x0000000100000000)
  region size 1024K, 1 young (1024K), 1 survivors (1024K)
 Metaspace       used 125519K, capacity 128907K, committed 129188K, reserved 1161216K
  class space    used 15662K, capacity 16852K, committed 16988K, reserved 1048576K
}
Event: 945.808 GC heap before
{Heap before GC invocations=111 (full 0):
 garbage-first heap   total 189440K, used 167977K [0x0000000080000000, 0x0000000100000000)
  region size 1024K, 9 young (9216K), 1 survivors (1024K)
 Metaspace       used 125519K, capacity 128907K, committed 129188K, reserved 1161216K
  class space    used 15662K, capacity 16852K, committed 16988K, reserved 1048576K
}
Event: 945.810 GC heap after
{Heap after GC invocations=112 (full 0):
 garbage-first heap   total 189440K, used 159774K [0x0000000080000000, 0x0000000100000000)
  region size 1024K, 1 young (1024K), 1 survivors (1024K)
 Metaspace       used 125519K, capacity 128907K, committed 129188K, reserved 1161216K
  class space    used 15662K, capacity 16852K, committed 16988K, reserved 1048576K
}
Event: 945.849 GC heap before
{Heap before GC invocations=112 (full 0):
 garbage-first heap   total 189440K, used 167966K [0x0000000080000000, 0x0000000100000000)
  region size 1024K, 9 young (9216K), 1 survivors (1024K)
 Metaspace       used 125519K, capacity 128907K, committed 129188K, reserved 1161216K
  class space    used 15662K, capacity 16852K, committed 16988K, reserved 1048576K
}

