# JRE version: OpenJDK Runtime Environment (11.0.11+9) (build 11.0.11+9-b60-7590822)
# Java VM: OpenJDK 64-Bit Server VM (11.0.11+9-b60-7590822, mixed mode, tiered, compressed oops, g1 gc, windows-amd64)
Heap:
 garbage-first heap   total 273408K, used 197185K [0x0000000080000000, 0x0000000100000000)
  region size 1024K, 13 young (13312K), 1 survivors (1024K)
 Metaspace       used 134888K, capacity 138669K, committed 139048K, reserved 1169408K
  class space    used 17140K, capacity 18591K, committed 18764K, reserved 1048576K
GC Heap History (20 events):
Event: 87.936 GC heap before
{Heap before GC invocations=48 (full 0):
 garbage-first heap   total 273408K, used 229238K [0x0000000080000000, 0x0000000100000000)
  region size 1024K, 91 young (93184K), 11 survivors (11264K)
 Metaspace       used 128199K, capacity 131642K, committed 131752K, reserved 1163264K
  class space    used 16241K, capacity 17518K, committed 17612K, reserved 1048576K
}
Event: 87.961 GC heap after
{Heap after GC invocations=49 (full 0):
 garbage-first heap   total 273408K, used 164472K [0x0000000080000000, 0x0000000100000000)
  region size 1024K, 12 young (12288K), 12 survivors (12288K)
 Metaspace       used 128199K, capacity 131642K, committed 131752K, reserved 1163264K
  class space    used 16241K, capacity 17518K, committed 17612K, reserved 1048576K
}
Event: 88.211 GC heap before
{Heap before GC invocations=49 (full 0):
 garbage-first heap   total 273408K, used 225912K [0x0000000080000000, 0x0000000100000000)
  region size 1024K, 72 young (73728K), 12 survivors (12288K)
 Metaspace       used 130583K, capacity 134126K, committed 134184K, reserved 1165312K
  class space    used 16642K, capacity 17963K, committed 17996K, reserved 1048576K
}
Event: 88.247 GC heap after
{Heap after GC invocations=50 (full 0):
 garbage-first heap   total 273408K, used 170906K [0x0000000080000000, 0x0000000100000000)
  region size 1024K, 9 young (9216K), 9 survivors (9216K)
 Metaspace       used 130583K, capacity 134126K, committed 134184K, reserved 1165312K
  class space    used 16642K, capacity 17963K, committed 17996K, reserved 1048576K
}
Event: 88.640 GC heap before
{Heap before GC invocations=51 (full 0):
 garbage-first heap   total 273408K, used 226202K [0x0000000080000000, 0x0000000100000000)
  region size 1024K, 63 young (64512K), 9 survivors (9216K)
 Metaspace       used 132137K, capacity 135753K, committed 135976K, reserved 1167360K
  class space    used 16876K, capacity 18243K, committed 18252K, reserved 1048576K
}
Event: 88.661 GC heap after
{Heap after GC invocations=52 (full 0):
 garbage-first heap   total 273408K, used 179493K [0x0000000080000000, 0x0000000100000000)
  region size 1024K, 8 young (8192K), 8 survivors (8192K)
 Metaspace       used 132137K, capacity 135753K, committed 135976K, reserved 1167360K
  class space    used 16876K, capacity 18243K, committed 18252K, reserved 1048576K
}
Event: 88.922 GC heap before
{Heap before GC invocations=52 (full 0):
 garbage-first heap   total 273408K, used 227621K [0x0000000080000000, 0x0000000100000000)
  region size 1024K, 56 young (57344K), 8 survivors (8192K)
 Metaspace       used 133688K, capacity 137598K, committed 137896K, reserved 1169408K
  class space    used 17088K, capacity 18579K, committed 18636K, reserved 1048576K
}
Event: 88.939 GC heap after
{Heap after GC invocations=53 (full 0):
 garbage-first heap   total 273408K, used 185002K [0x0000000080000000, 0x0000000100000000)
  region size 1024K, 5 young (5120K), 5 survivors (5120K)
 Metaspace       used 133688K, capacity 137598K, committed 137896K, reserved 1169408K
  class space    used 17088K, capacity 18579K, committed 18636K, reserved 1048576K
}
Event: 89.340 GC heap before
{Heap before GC invocations=54 (full 0):
 garbage-first heap   total 273408K, used 231082K [0x0000000080000000, 0x0000000100000000)
  region size 1024K, 50 young (51200K), 5 survivors (5120K)
 Metaspace       used 134141K, capacity 137930K, committed 138152K, reserved 1169408K
  class space    used 17105K, capacity 18550K, committed 18636K, reserved 1048576K
}
Event: 89.349 GC heap after
{Heap after GC invocations=55 (full 0):
 garbage-first heap   total 273408K, used 188177K [0x0000000080000000, 0x0000000100000000)
  region size 1024K, 3 young (3072K), 3 survivors (3072K)
 Metaspace       used 134141K, capacity 137930K, committed 138152K, reserved 1169408K
  class space    used 17105K, capacity 18550K, committed 18636K, reserved 1048576K
}
Event: 89.400 GC heap before
{Heap before GC invocations=55 (full 0):
 garbage-first heap   total 273408K, used 198417K [0x0000000080000000, 0x0000000100000000)
  region size 1024K, 13 young (13312K), 3 survivors (3072K)
 Metaspace       used 134152K, capacity 137997K, committed 138408K, reserved 1169408K
  class space    used 17106K, capacity 18551K, committed 18636K, reserved 1048576K
}
Event: 89.406 GC heap after
{Heap after GC invocations=56 (full 0):
 garbage-first heap   total 273408K, used 188300K [0x0000000080000000, 0x0000000100000000)
  region size 1024K, 2 young (2048K), 2 survivors (2048K)
 Metaspace       used 134152K, capacity 137997K, committed 138408K, reserved 1169408K
  class space    used 17106K, capacity 18551K, committed 18636K, reserved 1048576K
}
Event: 89.600 GC heap before
{Heap before GC invocations=56 (full 0):
 garbage-first heap   total 273408K, used 231308K [0x0000000080000000, 0x0000000100000000)
  region size 1024K, 45 young (46080K), 2 survivors (2048K)
 Metaspace       used 134478K, capacity 138305K, committed 138792K, reserved 1169408K
  class space    used 17118K, capacity 18586K, committed 18764K, reserved 1048576K
}
Event: 89.607 GC heap after
{Heap after GC invocations=57 (full 0):
 garbage-first heap   total 273408K, used 188225K [0x0000000080000000, 0x0000000100000000)
  region size 1024K, 2 young (2048K), 2 survivors (2048K)
 Metaspace       used 134478K, capacity 138305K, committed 138792K, reserved 1169408K
  class space    used 17118K, capacity 18586K, committed 18764K, reserved 1048576K
}
Event: 90.000 GC heap before
{Heap before GC invocations=58 (full 0):
 garbage-first heap   total 273408K, used 234305K [0x0000000080000000, 0x0000000100000000)
  region size 1024K, 47 young (48128K), 2 survivors (2048K)
 Metaspace       used 134727K, capacity 138526K, committed 138792K, reserved 1169408K
  class space    used 17133K, capacity 18590K, committed 18764K, reserved 1048576K
}
Event: 90.006 GC heap after
{Heap after GC invocations=59 (full 0):
 garbage-first heap   total 273408K, used 188864K [0x0000000080000000, 0x0000000100000000)
  region size 1024K, 2 young (2048K), 2 survivors (2048K)
 Metaspace       used 134727K, capacity 138526K, committed 138792K, reserved 1169408K
  class space    used 17133K, capacity 18590K, committed 18764K, reserved 1048576K
}
Event: 90.049 GC heap before
{Heap before GC invocations=59 (full 0):
 garbage-first heap   total 273408K, used 200128K [0x0000000080000000, 0x0000000100000000)
  region size 1024K, 13 young (13312K), 2 survivors (2048K)
 Metaspace       used 134755K, capacity 138591K, committed 139048K, reserved 1169408K
  class space    used 17133K, capacity 18590K, committed 18764K, reserved 1048576K
}
Event: 90.055 GC heap after
{Heap after GC invocations=60 (full 0):
 garbage-first heap   total 273408K, used 185768K [0x0000000080000000, 0x0000000100000000)
  region size 1024K, 1 young (1024K), 1 survivors (1024K)
 Metaspace       used 134755K, capacity 138591K, committed 139048K, reserved 1169408K
  class space    used 17133K, capacity 18590K, committed 18764K, reserved 1048576K
}
Event: 90.242 GC heap before
{Heap before GC invocations=60 (full 0):
 garbage-first heap   total 273408K, used 233896K [0x0000000080000000, 0x0000000100000000)
  region size 1024K, 49 young (50176K), 1 survivors (1024K)
 Metaspace       used 134838K, capacity 138662K, committed 139048K, reserved 1169408K
  class space    used 17133K, capacity 18590K, committed 18764K, reserved 1048576K
}
Event: 90.246 GC heap after
{Heap after GC invocations=61 (full 0):
 garbage-first heap   total 273408K, used 185921K [0x0000000080000000, 0x0000000100000000)
  region size 1024K, 1 young (1024K), 1 survivors (1024K)
 Metaspace       used 134838K, capacity 138662K, committed 139048K, reserved 1169408K
  class space    used 17133K, capacity 18590K, committed 18764K, reserved 1048576K
}

